Building DAG of jobs...
Your conda installation is not configured to use strict channel priorities. This is however crucial for having robust and correct environments (for details, see https://conda-forge.org/docs/user/tipsandtricks.html). Please consider to configure strict priorities by executing 'conda config --set channel_priority strict'.
Using shell: /usr/bin/bash
Provided cores: 32
Rules claiming more threads will be scaled down.
Job stats:
job               count
--------------  -------
all                   1
install_genome        2
total                 3

Select jobs to execute...

[Thu Dec 28 09:05:02 2023]
Job 2: 
        Installs target genome(s) under install dir
        - Regex to filter down to main chromosomes
        - Default provider set to UCSC
        
Reason: Missing output files: resources/data/genome/hg19/hg19.fa.gz, resources/data/genome/hg19/hg19.blacklist.bed, resources/data/genome/hg19/hg19.gaps.bed

Activating conda environment: ../../../../../../../../../../../../../home/tubbsca/snakemake_condas/ada2ba84c8bd6f04984fd5f5fda51637_

[Thu Dec 28 09:05:02 2023]
Job 1: 
        Installs target genome(s) under install dir
        - Regex to filter down to main chromosomes
        - Default provider set to UCSC
        
Reason: Missing output files: resources/data/genome/hg38/hg38.gaps.bed, resources/data/genome/hg38/hg38.blacklist.bed, resources/data/genome/hg38/hg38.fa.gz

Activating conda environment: ../../../../../../../../../../../../../home/tubbsca/snakemake_condas/ada2ba84c8bd6f04984fd5f5fda51637_
Terminating processes on user request, this might take some time.
[Thu Dec 28 09:05:10 2023]
Error in rule install_genome:
    jobid: 1
    output: resources/data/genome/hg38/hg38.fa.gz, resources/data/genome/hg38/hg38.blacklist.bed, resources/data/genome/hg38/hg38.gaps.bed
    log: workflow/logs/install_genome-hg38.stdout, workflow/logs/install_genome-hg38.stderr (check log file(s) for error details)
    conda-env: /home/tubbsca/snakemake_condas/ada2ba84c8bd6f04984fd5f5fda51637_
    shell:
        
        genomepy plugin enable blacklist &&
        genomepy install hg38         --provider UCSC         --genomes_dir resources/data/genome         --bgzip         --threads 16         --regex chr[0-9XY]+$
        
        (one of the commands exited with non-zero exit code; note that snakemake uses bash strict mode!)

[Thu Dec 28 09:05:10 2023]
Error in rule install_genome:
    jobid: 2
    output: resources/data/genome/hg19/hg19.fa.gz, resources/data/genome/hg19/hg19.blacklist.bed, resources/data/genome/hg19/hg19.gaps.bed
    log: workflow/logs/install_genome-hg19.stdout, workflow/logs/install_genome-hg19.stderr (check log file(s) for error details)
    conda-env: /home/tubbsca/snakemake_condas/ada2ba84c8bd6f04984fd5f5fda51637_
    shell:
        
        genomepy plugin enable blacklist &&
        genomepy install hg19         --provider UCSC         --genomes_dir resources/data/genome         --bgzip         --threads 16         --regex chr[0-9XY]+$
        
        (one of the commands exited with non-zero exit code; note that snakemake uses bash strict mode!)

Complete log: .snakemake/log/2023-12-28T090452.314497.snakemake.log
