Building DAG of jobs...
Using shell: /usr/bin/bash
Provided cores: 4
Rules claiming more threads will be scaled down.
Job stats:
job               count    min threads    max threads
--------------  -------  -------------  -------------
all                   1              1              1
install_genome        1              1              1
total                 2              1              1

Select jobs to execute...

[Fri Nov 17 11:46:38 2023]
rule install_genome:
    output: ../resources/hg19/hg19.fa.gz
    jobid: 1
    reason: Missing output files: ../resources/hg19/hg19.fa.gz
    wildcards: build=hg19
    resources: tmpdir=/tmp

Terminating processes on user request, this might take some time.
[Fri Nov 17 11:48:39 2023]
Error in rule install_genome:
    jobid: 1
    output: ../resources/hg19/hg19.fa.gz
    shell:
        
        genomepy plugin enable blacklist
        genomepy install hg19         --provider UCSC         --genomes_dir ../resources         --bgzip         --threads 4         --regex "chr[0-9XY]+$"
        
        (one of the commands exited with non-zero exit code; note that snakemake uses bash strict mode!)

Complete log: .snakemake/log/2023-11-17T114637.932099.snakemake.log
